Godot Engine v3.2.3.stable.official - https://godotengine.org
 
[1m[INFO]:  [0musing [/root/src/POC_Red/src] for temporary output.
Godot version:  3.2.3
GUT version:  7.1.0
**ERROR**: Resource file not found: res://addons/gut/test/gd.
   At: core/io/resource_loader.cpp:283:_load() - Condition "!file_check->file_exists(p_path)" is true. Returned: RES()
**SCRIPT ERROR**: Parse Error: Couldn't load the base class: res://addons/gut/test/gd
   At: res://tests/dev/test_red.gd:1:GDScript::reload() - Parse Error: Couldn't load the base class: res://addons/gut/test/gd
**ERROR**: Method failed. Returning: ERR_PARSE_ERROR
   At: modules/gdscript/gdscript.cpp:599:reload() - Method failed. Returning: ERR_PARSE_ERROR
**ERROR**: Resource file not found: res://addons/gut/test/gd.
   At: core/io/resource_loader.cpp:283:_load() - Condition "!file_check->file_exists(p_path)" is true. Returned: RES()
**SCRIPT ERROR**: Parse Error: Couldn't load the base class: res://addons/gut/test/gd
   At: res://tests/dev/test_red.gd:1:GDScript::reload() - Parse Error: Couldn't load the base class: res://addons/gut/test/gd
**ERROR**: Method failed. Returning: ERR_PARSE_ERROR
   At: modules/gdscript/gdscript.cpp:599:reload() - Method failed. Returning: ERR_PARSE_ERROR
**SCRIPT ERROR**: Invalid call. Nonexistent function 'new' in base 'GDScript'.
   At: res://addons/gut/test_collector.gd:48:TestScript.get_new() - Invalid call. Nonexistent function 'new' in base 'GDScript'.
**SCRIPT ERROR**: Invalid set index 'gut' (on base: 'Nil') with value of type 'Control (gut.gd)'.
   At: res://addons/gut/gut.gd:548:_setup_script() - Invalid set index 'gut' (on base: 'Nil') with value of type 'Control (gut.gd)'.
**SCRIPT ERROR**: Invalid call. Nonexistent function 'has_method' in base 'Nil'.
   At: res://addons/gut/gut.gd:599:_call_deprecated_script_method() - Invalid call. Nonexistent function 'has_method' in base 'Nil'.
**SCRIPT ERROR**: Invalid call. Nonexistent function 'before_all' in base 'Nil'.
   At: res://addons/gut/gut.gd:718:_call_before_all() - Invalid call. Nonexistent function 'before_all' in base 'Nil'.
**SCRIPT ERROR**: Invalid call. Nonexistent function 'has_method' in base 'Nil'.
   At: res://addons/gut/gut.gd:599:_call_deprecated_script_method() - Invalid call. Nonexistent function 'has_method' in base 'Nil'.
**SCRIPT ERROR**: Invalid call. Nonexistent function 'after_all' in base 'Nil'.
   At: res://addons/gut/gut.gd:741:_call_after_all() - Invalid call. Nonexistent function 'after_all' in base 'Nil'.
**SCRIPT ERROR**: Invalid call. Nonexistent function 'get_children' in base 'Nil'.
   At: res://addons/gut/gut.gd:343:_log_test_children_warning() - Invalid call. Nonexistent function 'get_children' in base 'Nil'.
**ERROR**: Parameter "p_child" is null.
   At: scene/main/node.cpp:1232:remove_child() - Parameter "p_child" is null.
**SCRIPT ERROR**: Invalid call. Nonexistent function 'get_assert_count' in base 'Nil'.
   At: res://addons/gut/gut.gd:871:_test_the_scripts() - Invalid call. Nonexistent function 'get_assert_count' in base 'Nil'.
