Godot Engine v3.2.3.stable.official - https://godotengine.org
 
[1m[INFO]:  [0musing [/root/src/POC_Red/src] for temporary output.
Godot version:  3.2.3
GUT version:  7.1.0


res://tests/dev/test_red.gd
* test_false
    [Failed] 
      at line -1
* test_true
    [Passed] 
1/2 passed.


*** Run Summary ***
res://tests/dev/test_red.gd
- test_false
    [Failed]:  
          at line -1

Totals
Scripts:          1
Tests:            2
Passing asserts:  1
Failing asserts:  1
Pending:          0

1 passed 1 failed.  Tests finished in 0.0s


